[1209/203502.049:ERROR:directory_reader_win.cc(43)] FindFirstFile: The system cannot find the path specified. (0x3)
[1209/211353.908:ERROR:directory_reader_win.cc(43)] FindFirstFile: The system cannot find the path specified. (0x3)
[1214/201852.614:ERROR:directory_reader_win.cc(43)] FindFirstFile: The system cannot find the path specified. (0x3)
[1214/203153.805:ERROR:directory_reader_win.cc(43)] FindFirstFile: The system cannot find the path specified. (0x3)
[1214/205102.935:ERROR:directory_reader_win.cc(43)] FindFirstFile: The system cannot find the path specified. (0x3)
[1214/215317.074:ERROR:process_reader_win.cc(123)] NtOpenThread: {Access Denied} A process has requested access to an object, but has not been granted those access rights. (0xc0000022)
[1214/215317.075:ERROR:exception_snapshot_win.cc(99)] thread ID 28888 not found in process
[1214/215317.142:ERROR:process_reader_win.cc(151)] SuspendThread: Access is denied. (0x5)
[1214/215317.142:ERROR:exception_snapshot_win.cc(99)] thread ID 18564 not found in process
[1214/215317.143:ERROR:scoped_process_suspend.cc(40)] NtResumeProcess: An attempt was made to access an exiting process. (0xc000010a)
[1214/215629.787:ERROR:process_reader_win.cc(123)] NtOpenThread: {Access Denied} A process has requested access to an object, but has not been granted those access rights. (0xc0000022)
[1214/215629.789:ERROR:exception_snapshot_win.cc(99)] thread ID 19888 not found in process
[1214/215629.857:ERROR:process_reader_win.cc(123)] NtOpenThread: {Access Denied} A process has requested access to an object, but has not been granted those access rights. (0xc0000022)
[1214/215629.857:ERROR:exception_snapshot_win.cc(99)] thread ID 30832 not found in process
[1214/215629.857:ERROR:scoped_process_suspend.cc(40)] NtResumeProcess: An attempt was made to access an exiting process. (0xc000010a)
[1215/201101.822:ERROR:directory_reader_win.cc(43)] FindFirstFile: The system cannot find the path specified. (0x3)
[1219/141529.585:ERROR:process_reader_win.cc(123)] NtOpenThread: {Access Denied} A process has requested access to an object, but has not been granted those access rights. (0xc0000022)
[1219/141529.586:ERROR:exception_snapshot_win.cc(99)] thread ID 29724 not found in process
[1219/141529.723:ERROR:process_reader_win.cc(151)] SuspendThread: Access is denied. (0x5)
[1219/141529.724:ERROR:exception_snapshot_win.cc(99)] thread ID 31476 not found in process
[1219/141534.663:ERROR:process_reader_win.cc(123)] NtOpenThread: {Access Denied} A process has requested access to an object, but has not been granted those access rights. (0xc0000022)
[1219/141534.664:ERROR:exception_snapshot_win.cc(99)] thread ID 2172 not found in process
[1219/141534.664:ERROR:scoped_process_suspend.cc(40)] NtResumeProcess: An attempt was made to access an exiting process. (0xc000010a)
[1219/141534.705:ERROR:process_reader_win.cc(151)] SuspendThread: Access is denied. (0x5)
[1219/141534.705:ERROR:process_reader_win.cc(123)] NtOpenThread: {Access Denied} A process has requested access to an object, but has not been granted those access rights. (0xc0000022)
[1219/141534.705:ERROR:exception_snapshot_win.cc(99)] thread ID 19472 not found in process
